<?xml version="1.0" encoding="UTF-8"?>
<!-- Generated by org.testng.reporters.JUnitXMLReporter -->
<testsuite hostname="AIR-MIS-139" ignored="0" name="Test" tests="6" failures="0" timestamp="2020-11-26T16:43:05 CST" time="0.1" errors="0">
  <testcase name="tc001" time="0.012" classname="com.TestNg.ParallelExecution"/>
  <testcase name="tc002" time="0.002" classname="com.TestNg.ParallelExecution"/>
  <testcase name="tc003" time="0.002" classname="com.TestNg.ParallelExecution"/>
  <testcase name="tc004" time="0.001" classname="com.TestNg.ParallelExecution1"/>
  <testcase name="tc005" time="0.003" classname="com.TestNg.ParallelExecution1"/>
  <testcase name="tc006" time="0.002" classname="com.TestNg.ParallelExecution1"/>
</testsuite> <!-- Test -->
